# JRE version: Java(TM) SE Runtime Environment (8.0_51-b16) (build 1.8.0_51-b16)
# Java VM: Java HotSpot(TM) 64-Bit Server VM (25.51-b03 mixed mode windows-amd64 compressed oops)
Heap:
 PSYoungGen      total 69120K, used 31147K [0x00000000eab00000, 0x00000000efe00000, 0x0000000100000000)
  eden space 57344K, 51% used [0x00000000eab00000,0x00000000ec810c28,0x00000000ee300000)
  from space 11776K, 11% used [0x00000000eee00000,0x00000000eef5a100,0x00000000ef980000)
  to   space 11264K, 0% used [0x00000000ee300000,0x00000000ee300000,0x00000000eee00000)
 ParOldGen       total 46080K, used 8153K [0x00000000c0000000, 0x00000000c2d00000, 0x00000000eab00000)
  object space 46080K, 17% used [0x00000000c0000000,0x00000000c07f6790,0x00000000c2d00000)
 Metaspace       used 22212K, capacity 22742K, committed 22912K, reserved 1069056K
  class space    used 2934K, capacity 3110K, committed 3200K, reserved 1048576K
GC Heap History (10 events):
Event: 10.761 GC heap before
{Heap before GC invocations=5 (full 1):
 PSYoungGen      total 38400K, used 5088K [0x00000000eab00000, 0x00000000ed580000, 0x0000000100000000)
  eden space 33280K, 0% used [0x00000000eab00000,0x00000000eab00000,0x00000000ecb80000)
  from space 5120K, 99% used [0x00000000ed080000,0x00000000ed578040,0x00000000ed580000)
  to   space 5120K, 0% used [0x00000000ecb80000,0x00000000ecb80000,0x00000000ed080000)
 ParOldGen       total 87552K, used 8311K [0x00000000c0000000, 0x00000000c5580000, 0x00000000eab00000)
  object space 87552K, 9% used [0x00000000c0000000,0x00000000c081df98,0x00000000c5580000)
 Metaspace       used 20614K, capacity 21136K, committed 21296K, reserved 1067008K
  class space    used 2762K, capacity 2917K, committed 2944K, reserved 1048576K
Event: 10.792 GC heap after
Heap after GC invocations=5 (full 1):
 PSYoungGen      total 38400K, used 0K [0x00000000eab00000, 0x00000000ed580000, 0x0000000100000000)
  eden space 33280K, 0% used [0x00000000eab00000,0x00000000eab00000,0x00000000ecb80000)
  from space 5120K, 0% used [0x00000000ed080000,0x00000000ed080000,0x00000000ed580000)
  to   space 5120K, 0% used [0x00000000ecb80000,0x00000000ecb80000,0x00000000ed080000)
 ParOldGen       total 46080K, used 8137K [0x00000000c0000000, 0x00000000c2d00000, 0x00000000eab00000)
  object space 46080K, 17% used [0x00000000c0000000,0x00000000c07f2790,0x00000000c2d00000)
 Metaspace       used 20614K, capacity 21136K, committed 21296K, reserved 1067008K
  class space    used 2762K, capacity 2917K, committed 2944K, reserved 1048576K
}
Event: 11.918 GC heap before
{Heap before GC invocations=6 (full 1):
 PSYoungGen      total 38400K, used 33280K [0x00000000eab00000, 0x00000000ed580000, 0x0000000100000000)
  eden space 33280K, 100% used [0x00000000eab00000,0x00000000ecb80000,0x00000000ecb80000)
  from space 5120K, 0% used [0x00000000ed080000,0x00000000ed080000,0x00000000ed580000)
  to   space 5120K, 0% used [0x00000000ecb80000,0x00000000ecb80000,0x00000000ed080000)
 ParOldGen       total 46080K, used 8137K [0x00000000c0000000, 0x00000000c2d00000, 0x00000000eab00000)
  object space 46080K, 17% used [0x00000000c0000000,0x00000000c07f2790,0x00000000c2d00000)
 Metaspace       used 22150K, capacity 22678K, committed 22912K, reserved 1069056K
  class space    used 2932K, capacity 3110K, committed 3200K, reserved 1048576K
Event: 11.919 GC heap after
Heap after GC invocations=6 (full 1):
 PSYoungGen      total 37888K, used 1900K [0x00000000eab00000, 0x00000000ee100000, 0x0000000100000000)
  eden space 32768K, 0% used [0x00000000eab00000,0x00000000eab00000,0x00000000ecb00000)
  from space 5120K, 37% used [0x00000000ecb80000,0x00000000ecd5b3f8,0x00000000ed080000)
  to   space 11264K, 0% used [0x00000000ed600000,0x00000000ed600000,0x00000000ee100000)
 ParOldGen       total 46080K, used 8145K [0x00000000c0000000, 0x00000000c2d00000, 0x00000000eab00000)
  object space 46080K, 17% used [0x00000000c0000000,0x00000000c07f4790,0x00000000c2d00000)
 Metaspace       used 22150K, capacity 22678K, committed 22912K, reserved 1069056K
  class space    used 2932K, capacity 3110K, committed 3200K, reserved 1048576K
}
Event: 12.002 GC heap before
{Heap before GC invocations=7 (full 1):
 PSYoungGen      total 37888K, used 34668K [0x00000000eab00000, 0x00000000ee100000, 0x0000000100000000)
  eden space 32768K, 100% used [0x00000000eab00000,0x00000000ecb00000,0x00000000ecb00000)
  from space 5120K, 37% used [0x00000000ecb80000,0x00000000ecd5b3f8,0x00000000ed080000)
  to   space 11264K, 0% used [0x00000000ed600000,0x00000000ed600000,0x00000000ee100000)
 ParOldGen       total 46080K, used 8145K [0x00000000c0000000, 0x00000000c2d00000, 0x00000000eab00000)
  object space 46080K, 17% used [0x00000000c0000000,0x00000000c07f4790,0x00000000c2d00000)
 Metaspace       used 22183K, capacity 22678K, committed 22912K, reserved 1069056K
  class space    used 2932K, capacity 3110K, committed 3200K, reserved 1048576K
Event: 12.004 GC heap after
Heap after GC invocations=7 (full 1):
 PSYoungGen      total 43520K, used 1156K [0x00000000eab00000, 0x00000000efa80000, 0x0000000100000000)
  eden space 32256K, 0% used [0x00000000eab00000,0x00000000eab00000,0x00000000eca80000)
  from space 11264K, 10% used [0x00000000ed600000,0x00000000ed7210e0,0x00000000ee100000)
  to   space 11776K, 0% used [0x00000000eca80000,0x00000000eca80000,0x00000000ed600000)
 ParOldGen       total 46080K, used 8153K [0x00000000c0000000, 0x00000000c2d00000, 0x00000000eab00000)
  object space 46080K, 17% used [0x00000000c0000000,0x00000000c07f6790,0x00000000c2d00000)
 Metaspace       used 22183K, capacity 22678K, committed 22912K, reserved 1069056K
  class space    used 2932K, capacity 3110K, committed 3200K, reserved 1048576K
}
Event: 12.225 GC heap before
{Heap before GC invocations=8 (full 1):
 PSYoungGen      total 43520K, used 33412K [0x00000000eab00000, 0x00000000efa80000, 0x0000000100000000)
  eden space 32256K, 100% used [0x00000000eab00000,0x00000000eca80000,0x00000000eca80000)
  from space 11264K, 10% used [0x00000000ed600000,0x00000000ed7210e0,0x00000000ee100000)
  to   space 11776K, 0% used [0x00000000eca80000,0x00000000eca80000,0x00000000ed600000)
 ParOldGen       total 46080K, used 8153K [0x00000000c0000000, 0x00000000c2d00000, 0x00000000eab00000)
  object space 46080K, 17% used [0x00000000c0000000,0x00000000c07f6790,0x00000000c2d00000)
 Metaspace       used 22183K, capacity 22678K, committed 22912K, reserved 1069056K
  class space    used 2932K, capacity 3110K, committed 3200K, reserved 1048576K
Event: 12.227 GC heap after
Heap after GC invocations=8 (full 1):
 PSYoungGen      total 44032K, used 1220K [0x00000000eab00000, 0x00000000ef980000, 0x0000000100000000)
  eden space 32256K, 0% used [0x00000000eab00000,0x00000000eab00000,0x00000000eca80000)
  from space 11776K, 10% used [0x00000000eca80000,0x00000000ecbb1100,0x00000000ed600000)
  to   space 11776K, 0% used [0x00000000eee00000,0x00000000eee00000,0x00000000ef980000)
 ParOldGen       total 46080K, used 8153K [0x00000000c0000000, 0x00000000c2d00000, 0x00000000eab00000)
  object space 46080K, 17% used [0x00000000c0000000,0x00000000c07f6790,0x00000000c2d00000)
 Metaspace       used 22183K, capacity 22678K, committed 22912K, reserved 1069056K
  class space    used 2932K, capacity 3110K, committed 3200K, reserved 1048576K
}
Event: 12.473 GC heap before
{Heap before GC invocations=9 (full 1):
 PSYoungGen      total 44032K, used 33476K [0x00000000eab00000, 0x00000000ef980000, 0x0000000100000000)
  eden space 32256K, 100% used [0x00000000eab00000,0x00000000eca80000,0x00000000eca80000)
  from space 11776K, 10% used [0x00000000eca80000,0x00000000ecbb1100,0x00000000ed600000)
  to   space 11776K, 0% used [0x00000000eee00000,0x00000000eee00000,0x00000000ef980000)
 ParOldGen       total 46080K, used 8153K [0x00000000c0000000, 0x00000000c2d00000, 0x00000000eab00000)
  object space 46080K, 17% used [0x00000000c0000000,0x00000000c07f6790,0x00000000c2d00000)
 Metaspace       used 22183K, capacity 22678K, committed 22912K, reserved 1069056K
  class space    used 2932K, capacity 3110K, committed 3200K, reserved 1048576K
Event: 12.504 GC heap after
Heap after GC invocations=9 (full 1):
 PSYoungGen      total 69120K, used 1384K [0x00000000eab00000, 0x00000000efe00000, 0x0000000100000000)
  eden space 57344K, 0% used [0x00000000eab00000,0x00000000eab00000,0x00000000ee300000)
  from space 11776K, 11% used [0x00000000eee00000,0x00000000eef5a100,0x00000000ef980000)
  to   space 11264K, 0% used [0x00000000ee300000,0x00000000ee300000,0x00000000eee00000)
 ParOldGen       total 46080K, used 8153K [0x00000000c0000000, 0x00000000c2d00000, 0x00000000eab00000)
  object space 46080K, 17% used [0x00000000c0000000,0x00000000c07f6790,0x00000000c2d00000)
 Metaspace       used 22183K, capacity 22678K, committed 22912K, reserved 1069056K
  class space    used 2932K, capacity 3110K, committed 3200K, reserved 1048576K
}

