# JRE version: Java(TM) SE Runtime Environment (8.0_51-b16) (build 1.8.0_51-b16)
# Java VM: Java HotSpot(TM) 64-Bit Server VM (25.51-b03 mixed mode windows-amd64 compressed oops)
Heap:
 PSYoungGen      total 76800K, used 18077K [0x00000000eab00000, 0x00000000f2180000, 0x0000000100000000)
  eden space 59904K, 1% used [0x00000000eab00000,0x00000000eac29ff0,0x00000000ee580000)
  from space 16896K, 99% used [0x00000000f1100000,0x00000000f217d530,0x00000000f2180000)
  to   space 15872K, 0% used [0x00000000ee580000,0x00000000ee580000,0x00000000ef500000)
 ParOldGen       total 66560K, used 24086K [0x00000000c0000000, 0x00000000c4100000, 0x00000000eab00000)
  object space 66560K, 36% used [0x00000000c0000000,0x00000000c1785808,0x00000000c4100000)
 Metaspace       used 38151K, capacity 39360K, committed 39512K, reserved 1083392K
  class space    used 5310K, capacity 5752K, committed 5760K, reserved 1048576K
GC Heap History (10 events):
Event: 36.181 GC heap before
{Heap before GC invocations=11 (full 1):
 PSYoungGen      total 41472K, used 41464K [0x00000000eab00000, 0x00000000eed00000, 0x0000000100000000)
  eden space 30720K, 100% used [0x00000000eab00000,0x00000000ec900000,0x00000000ec900000)
  from space 10752K, 99% used [0x00000000ec900000,0x00000000ed37e3f0,0x00000000ed380000)
  to   space 12288K, 0% used [0x00000000ee100000,0x00000000ee100000,0x00000000eed00000)
 ParOldGen       total 46592K, used 9125K [0x00000000c0000000, 0x00000000c2d80000, 0x00000000eab00000)
  object space 46592K, 19% used [0x00000000c0000000,0x00000000c08e96a0,0x00000000c2d80000)
 Metaspace       used 33908K, capacity 34984K, committed 35072K, reserved 1079296K
  class space    used 4696K, capacity 5092K, committed 5120K, reserved 1048576K
Event: 36.198 GC heap after
Heap after GC invocations=11 (full 1):
 PSYoungGen      total 52736K, used 12260K [0x00000000eab00000, 0x00000000ef500000, 0x0000000100000000)
  eden space 40448K, 0% used [0x00000000eab00000,0x00000000eab00000,0x00000000ed280000)
  from space 12288K, 99% used [0x00000000ee100000,0x00000000eecf9040,0x00000000eed00000)
  to   space 14848K, 0% used [0x00000000ed280000,0x00000000ed280000,0x00000000ee100000)
 ParOldGen       total 46592K, used 12558K [0x00000000c0000000, 0x00000000c2d80000, 0x00000000eab00000)
  object space 46592K, 26% used [0x00000000c0000000,0x00000000c0c43808,0x00000000c2d80000)
 Metaspace       used 33908K, capacity 34984K, committed 35072K, reserved 1079296K
  class space    used 4696K, capacity 5092K, committed 5120K, reserved 1048576K
}
Event: 36.493 GC heap before
{Heap before GC invocations=12 (full 1):
 PSYoungGen      total 52736K, used 22612K [0x00000000eab00000, 0x00000000ef500000, 0x0000000100000000)
  eden space 40448K, 25% used [0x00000000eab00000,0x00000000eb51c2e0,0x00000000ed280000)
  from space 12288K, 99% used [0x00000000ee100000,0x00000000eecf9040,0x00000000eed00000)
  to   space 14848K, 0% used [0x00000000ed280000,0x00000000ed280000,0x00000000ee100000)
 ParOldGen       total 46592K, used 12558K [0x00000000c0000000, 0x00000000c2d80000, 0x00000000eab00000)
  object space 46592K, 26% used [0x00000000c0000000,0x00000000c0c43808,0x00000000c2d80000)
 Metaspace       used 34326K, capacity 35348K, committed 35416K, reserved 1079296K
  class space    used 4758K, capacity 5192K, committed 5248K, reserved 1048576K
Event: 36.501 GC heap after
Heap after GC invocations=12 (full 1):
 PSYoungGen      total 55296K, used 13650K [0x00000000eab00000, 0x00000000f0680000, 0x0000000100000000)
  eden space 40448K, 0% used [0x00000000eab00000,0x00000000eab00000,0x00000000ed280000)
  from space 14848K, 91% used [0x00000000ed280000,0x00000000edfd48c0,0x00000000ee100000)
  to   space 16384K, 0% used [0x00000000ef680000,0x00000000ef680000,0x00000000f0680000)
 ParOldGen       total 46592K, used 12558K [0x00000000c0000000, 0x00000000c2d80000, 0x00000000eab00000)
  object space 46592K, 26% used [0x00000000c0000000,0x00000000c0c43808,0x00000000c2d80000)
 Metaspace       used 34326K, capacity 35348K, committed 35416K, reserved 1079296K
  class space    used 4758K, capacity 5192K, committed 5248K, reserved 1048576K
}
Event: 36.502 GC heap before
{Heap before GC invocations=13 (full 2):
 PSYoungGen      total 55296K, used 13650K [0x00000000eab00000, 0x00000000f0680000, 0x0000000100000000)
  eden space 40448K, 0% used [0x00000000eab00000,0x00000000eab00000,0x00000000ed280000)
  from space 14848K, 91% used [0x00000000ed280000,0x00000000edfd48c0,0x00000000ee100000)
  to   space 16384K, 0% used [0x00000000ef680000,0x00000000ef680000,0x00000000f0680000)
 ParOldGen       total 46592K, used 12558K [0x00000000c0000000, 0x00000000c2d80000, 0x00000000eab00000)
  object space 46592K, 26% used [0x00000000c0000000,0x00000000c0c43808,0x00000000c2d80000)
 Metaspace       used 34326K, capacity 35348K, committed 35416K, reserved 1079296K
  class space    used 4758K, capacity 5192K, committed 5248K, reserved 1048576K
Event: 36.583 GC heap after
Heap after GC invocations=13 (full 2):
 PSYoungGen      total 55296K, used 0K [0x00000000eab00000, 0x00000000f0680000, 0x0000000100000000)
  eden space 40448K, 0% used [0x00000000eab00000,0x00000000eab00000,0x00000000ed280000)
  from space 14848K, 0% used [0x00000000ed280000,0x00000000ed280000,0x00000000ee100000)
  to   space 16384K, 0% used [0x00000000ef680000,0x00000000ef680000,0x00000000f0680000)
 ParOldGen       total 66560K, used 22153K [0x00000000c0000000, 0x00000000c4100000, 0x00000000eab00000)
  object space 66560K, 33% used [0x00000000c0000000,0x00000000c15a2598,0x00000000c4100000)
 Metaspace       used 34326K, capacity 35348K, committed 35416K, reserved 1079296K
  class space    used 4758K, capacity 5192K, committed 5248K, reserved 1048576K
}
Event: 40.667 GC heap before
{Heap before GC invocations=14 (full 2):
 PSYoungGen      total 55296K, used 40448K [0x00000000eab00000, 0x00000000f0680000, 0x0000000100000000)
  eden space 40448K, 100% used [0x00000000eab00000,0x00000000ed280000,0x00000000ed280000)
  from space 14848K, 0% used [0x00000000ed280000,0x00000000ed280000,0x00000000ee100000)
  to   space 16384K, 0% used [0x00000000ef680000,0x00000000ef680000,0x00000000f0680000)
 ParOldGen       total 66560K, used 22153K [0x00000000c0000000, 0x00000000c4100000, 0x00000000eab00000)
  object space 66560K, 33% used [0x00000000c0000000,0x00000000c15a2598,0x00000000c4100000)
 Metaspace       used 34721K, capacity 35764K, committed 35928K, reserved 1079296K
  class space    used 4808K, capacity 5224K, committed 5248K, reserved 1048576K
Event: 40.670 GC heap after
Heap after GC invocations=14 (full 2):
 PSYoungGen      total 74240K, used 5585K [0x00000000eab00000, 0x00000000f0480000, 0x0000000100000000)
  eden space 59904K, 0% used [0x00000000eab00000,0x00000000eab00000,0x00000000ee580000)
  from space 14336K, 38% used [0x00000000ef680000,0x00000000efbf4698,0x00000000f0480000)
  to   space 15872K, 0% used [0x00000000ee580000,0x00000000ee580000,0x00000000ef500000)
 ParOldGen       total 66560K, used 22161K [0x00000000c0000000, 0x00000000c4100000, 0x00000000eab00000)
  object space 66560K, 33% used [0x00000000c0000000,0x00000000c15a4598,0x00000000c4100000)
 Metaspace       used 34721K, capacity 35764K, committed 35928K, reserved 1079296K
  class space    used 4808K, capacity 5224K, committed 5248K, reserved 1048576K
}
Event: 42.825 GC heap before
{Heap before GC invocations=15 (full 2):
 PSYoungGen      total 74240K, used 65489K [0x00000000eab00000, 0x00000000f0480000, 0x0000000100000000)
  eden space 59904K, 100% used [0x00000000eab00000,0x00000000ee580000,0x00000000ee580000)
  from space 14336K, 38% used [0x00000000ef680000,0x00000000efbf4698,0x00000000f0480000)
  to   space 15872K, 0% used [0x00000000ee580000,0x00000000ee580000,0x00000000ef500000)
 ParOldGen       total 66560K, used 22161K [0x00000000c0000000, 0x00000000c4100000, 0x00000000eab00000)
  object space 66560K, 33% used [0x00000000c0000000,0x00000000c15a4598,0x00000000c4100000)
 Metaspace       used 36801K, capacity 37978K, committed 38104K, reserved 1081344K
  class space    used 5086K, capacity 5552K, committed 5632K, reserved 1048576K
Event: 42.841 GC heap after
Heap after GC invocations=15 (full 2):
 PSYoungGen      total 75776K, used 12490K [0x00000000eab00000, 0x00000000f2180000, 0x0000000100000000)
  eden space 59904K, 0% used [0x00000000eab00000,0x00000000eab00000,0x00000000ee580000)
  from space 15872K, 78% used [0x00000000ee580000,0x00000000ef1b2888,0x00000000ef500000)
  to   space 16896K, 0% used [0x00000000f1100000,0x00000000f1100000,0x00000000f2180000)
 ParOldGen       total 66560K, used 22169K [0x00000000c0000000, 0x00000000c4100000, 0x00000000eab00000)
  object space 66560K, 33% used [0x00000000c0000000,0x00000000c15a6598,0x00000000c4100000)
 Metaspace       used 36801K, capacity 37978K, committed 38104K, reserved 1081344K
  class space    used 5086K, capacity 5552K, committed 5632K, reserved 1048576K
}

